c:\users\mario\documents\projects\overlay-color-picker\overlay-color-picker\x64\debug\vc141.pdb
c:\users\mario\documents\projects\overlay-color-picker\overlay-color-picker\x64\debug\vc141.idb
c:\users\mario\documents\projects\overlay-color-picker\overlay-color-picker\x64\debug\main.obj
c:\users\mario\documents\projects\overlay-color-picker\overlay-color-picker\x64\debug\imgui_widgets.obj
c:\users\mario\documents\projects\overlay-color-picker\overlay-color-picker\x64\debug\imgui_impl_win32.obj
c:\users\mario\documents\projects\overlay-color-picker\overlay-color-picker\x64\debug\imgui_impl_dx11.obj
c:\users\mario\documents\projects\overlay-color-picker\overlay-color-picker\x64\debug\imgui_draw.obj
c:\users\mario\documents\projects\overlay-color-picker\overlay-color-picker\x64\debug\imgui.obj
c:\users\mario\documents\projects\overlay-color-picker\overlay-color-picker\x64\debug\window.obj
c:\users\mario\documents\projects\overlay-color-picker\overlay-color-picker\x64\debug\gui.obj
c:\users\mario\documents\projects\overlay-color-picker\overlay-color-picker\x64\debug\colorpicker.obj
c:\users\mario\documents\projects\overlay-color-picker\overlay-color-picker\x64\debug\misc.obj
c:\users\mario\documents\projects\overlay-color-picker\overlay-color-picker\x64\debug\winmain.obj
c:\users\mario\documents\projects\overlay-color-picker\x64\debug\ocp.exe
c:\users\mario\documents\projects\overlay-color-picker\x64\debug\ocp.ilk
c:\users\mario\documents\projects\overlay-color-picker\x64\debug\ocp.pdb
c:\users\mario\documents\projects\overlay-color-picker\overlay-color-picker\x64\debug\picker.obj
c:\users\mario\documents\projects\overlay-color-picker\overlay-color-picker\x64\debug\overlay-.0499c3e9.tlog\cl.command.1.tlog
c:\users\mario\documents\projects\overlay-color-picker\overlay-color-picker\x64\debug\overlay-.0499c3e9.tlog\cl.read.1.tlog
c:\users\mario\documents\projects\overlay-color-picker\overlay-color-picker\x64\debug\overlay-.0499c3e9.tlog\cl.write.1.tlog
c:\users\mario\documents\projects\overlay-color-picker\overlay-color-picker\x64\debug\overlay-.0499c3e9.tlog\link.command.1.tlog
c:\users\mario\documents\projects\overlay-color-picker\overlay-color-picker\x64\debug\overlay-.0499c3e9.tlog\link.read.1.tlog
c:\users\mario\documents\projects\overlay-color-picker\overlay-color-picker\x64\debug\overlay-.0499c3e9.tlog\link.write.1.tlog
