c:\users\mario\documents\projects\overlay-color-picker\overlay-color-picker\x64\release\vc141.pdb
c:\users\mario\documents\projects\overlay-color-picker\overlay-color-picker\x64\release\main.obj
c:\users\mario\documents\projects\overlay-color-picker\overlay-color-picker\x64\release\imgui_widgets.obj
c:\users\mario\documents\projects\overlay-color-picker\overlay-color-picker\x64\release\imgui_impl_win32.obj
c:\users\mario\documents\projects\overlay-color-picker\overlay-color-picker\x64\release\imgui_impl_dx11.obj
c:\users\mario\documents\projects\overlay-color-picker\overlay-color-picker\x64\release\imgui_draw.obj
c:\users\mario\documents\projects\overlay-color-picker\overlay-color-picker\x64\release\imgui.obj
c:\users\mario\documents\projects\overlay-color-picker\overlay-color-picker\x64\release\window.obj
c:\users\mario\documents\projects\overlay-color-picker\overlay-color-picker\x64\release\misc.obj
c:\users\mario\documents\projects\overlay-color-picker\overlay-color-picker\x64\release\gui.obj
c:\users\mario\documents\projects\overlay-color-picker\overlay-color-picker\x64\release\winmain.obj
c:\users\mario\documents\projects\overlay-color-picker\overlay-color-picker\x64\release\trayicon.obj
c:\users\mario\documents\projects\overlay-color-picker\x64\release\ocp.exe
c:\users\mario\documents\projects\overlay-color-picker\x64\release\ocp.pdb
c:\users\mario\documents\projects\overlay-color-picker\x64\release\ocp.ipdb
c:\users\mario\documents\projects\overlay-color-picker\x64\release\ocp.iobj
c:\users\mario\documents\projects\overlay-color-picker\overlay-color-picker\x64\release\overlay-color-picker.res
c:\users\mario\documents\projects\overlay-color-picker\overlay-color-picker\x64\release\overlay-.0499c3e9.tlog\cl.command.1.tlog
c:\users\mario\documents\projects\overlay-color-picker\overlay-color-picker\x64\release\overlay-.0499c3e9.tlog\cl.read.1.tlog
c:\users\mario\documents\projects\overlay-color-picker\overlay-color-picker\x64\release\overlay-.0499c3e9.tlog\cl.write.1.tlog
c:\users\mario\documents\projects\overlay-color-picker\overlay-color-picker\x64\release\overlay-.0499c3e9.tlog\link.command.1.tlog
c:\users\mario\documents\projects\overlay-color-picker\overlay-color-picker\x64\release\overlay-.0499c3e9.tlog\link.read.1.tlog
c:\users\mario\documents\projects\overlay-color-picker\overlay-color-picker\x64\release\overlay-.0499c3e9.tlog\link.write.1.tlog
c:\users\mario\documents\projects\overlay-color-picker\overlay-color-picker\x64\release\overlay-.0499c3e9.tlog\overlay-color-picker.write.1u.tlog
c:\users\mario\documents\projects\overlay-color-picker\overlay-color-picker\x64\release\overlay-.0499c3e9.tlog\rc.command.1.tlog
c:\users\mario\documents\projects\overlay-color-picker\overlay-color-picker\x64\release\overlay-.0499c3e9.tlog\rc.read.1.tlog
c:\users\mario\documents\projects\overlay-color-picker\overlay-color-picker\x64\release\overlay-.0499c3e9.tlog\rc.write.1.tlog
